# JRE version: Java(TM) SE Runtime Environment (8.0_51-b16) (build 1.8.0_51-b16)
# Java VM: Java HotSpot(TM) 64-Bit Server VM (25.51-b03 mixed mode windows-amd64 compressed oops)
Heap:
 PSYoungGen      total 1246720K, used 866714K [0x0000000768000000, 0x00000007c0000000, 0x00000007c0000000)
  eden space 1076736K, 75% used [0x0000000768000000,0x0000000799eb31e8,0x00000007a9b80000)
  from space 169984K, 28% used [0x00000007a9b80000,0x00000007acb33748,0x00000007b4180000)
  to   space 161792K, 0% used [0x00000007b6200000,0x00000007b6200000,0x00000007c0000000)
 ParOldGen       total 2874368K, used 687977K [0x00000006b8000000, 0x0000000767700000, 0x0000000768000000)
  object space 2874368K, 23% used [0x00000006b8000000,0x00000006e1fda670,0x0000000767700000)
 Metaspace       used 201637K, capacity 226083K, committed 226272K, reserved 1232896K
  class space    used 35684K, capacity 43719K, committed 43744K, reserved 1048576K
GC Heap History (10 events):
Event: 164.789 GC heap before
{Heap before GC invocations=36 (full 5):
 PSYoungGen      total 1171456K, used 1171431K [0x0000000768000000, 0x00000007c0000000, 0x00000007c0000000)
  eden space 1030144K, 100% used [0x0000000768000000,0x00000007a6e00000,0x00000007a6e00000)
  from space 141312K, 99% used [0x00000007b7600000,0x00000007bfff9dd8,0x00000007c0000000)
  to   space 205824K, 0% used [0x00000007a6e00000,0x00000007a6e00000,0x00000007b3700000)
 ParOldGen       total 2874368K, used 582122K [0x00000006b8000000, 0x0000000767700000, 0x0000000768000000)
  object space 2874368K, 20% used [0x00000006b8000000,0x00000006db87ab18,0x0000000767700000)
 Metaspace       used 198990K, capacity 223191K, committed 223456K, reserved 1228800K
  class space    used 35363K, capacity 43391K, committed 43488K, reserved 1048576K
Event: 165.046 GC heap after
Heap after GC invocations=36 (full 5):
 PSYoungGen      total 1235968K, used 51883K [0x0000000768000000, 0x00000007c0000000, 0x00000007c0000000)
  eden space 1030144K, 0% used [0x0000000768000000,0x0000000768000000,0x00000007a6e00000)
  from space 205824K, 25% used [0x00000007a6e00000,0x00000007aa0aaec8,0x00000007b3700000)
  to   space 195584K, 0% used [0x00000007b4100000,0x00000007b4100000,0x00000007c0000000)
 ParOldGen       total 2874368K, used 687953K [0x00000006b8000000, 0x0000000767700000, 0x0000000768000000)
  object space 2874368K, 23% used [0x00000006b8000000,0x00000006e1fd4670,0x0000000767700000)
 Metaspace       used 198990K, capacity 223191K, committed 223456K, reserved 1228800K
  class space    used 35363K, capacity 43391K, committed 43488K, reserved 1048576K
}
Event: 178.821 GC heap before
{Heap before GC invocations=37 (full 5):
 PSYoungGen      total 1235968K, used 1082027K [0x0000000768000000, 0x00000007c0000000, 0x00000007c0000000)
  eden space 1030144K, 100% used [0x0000000768000000,0x00000007a6e00000,0x00000007a6e00000)
  from space 205824K, 25% used [0x00000007a6e00000,0x00000007aa0aaec8,0x00000007b3700000)
  to   space 195584K, 0% used [0x00000007b4100000,0x00000007b4100000,0x00000007c0000000)
 ParOldGen       total 2874368K, used 687953K [0x00000006b8000000, 0x0000000767700000, 0x0000000768000000)
  object space 2874368K, 23% used [0x00000006b8000000,0x00000006e1fd4670,0x0000000767700000)
 Metaspace       used 199379K, capacity 223551K, committed 223712K, reserved 1228800K
  class space    used 35363K, capacity 43391K, committed 43488K, reserved 1048576K
Event: 178.893 GC heap after
Heap after GC invocations=37 (full 5):
 PSYoungGen      total 1208320K, used 48878K [0x0000000768000000, 0x00000007be500000, 0x00000007c0000000)
  eden space 1040384K, 0% used [0x0000000768000000,0x0000000768000000,0x00000007a7800000)
  from space 167936K, 29% used [0x00000007b4100000,0x00000007b70bbba8,0x00000007be500000)
  to   space 186880K, 0% used [0x00000007a7800000,0x00000007a7800000,0x00000007b2e80000)
 ParOldGen       total 2874368K, used 687961K [0x00000006b8000000, 0x0000000767700000, 0x0000000768000000)
  object space 2874368K, 23% used [0x00000006b8000000,0x00000006e1fd6670,0x0000000767700000)
 Metaspace       used 199379K, capacity 223551K, committed 223712K, reserved 1228800K
  class space    used 35363K, capacity 43391K, committed 43488K, reserved 1048576K
}
Event: 192.766 GC heap before
{Heap before GC invocations=38 (full 5):
 PSYoungGen      total 1208320K, used 1089262K [0x0000000768000000, 0x00000007be500000, 0x00000007c0000000)
  eden space 1040384K, 100% used [0x0000000768000000,0x00000007a7800000,0x00000007a7800000)
  from space 167936K, 29% used [0x00000007b4100000,0x00000007b70bbba8,0x00000007be500000)
  to   space 186880K, 0% used [0x00000007a7800000,0x00000007a7800000,0x00000007b2e80000)
 ParOldGen       total 2874368K, used 687961K [0x00000006b8000000, 0x0000000767700000, 0x0000000768000000)
  object space 2874368K, 23% used [0x00000006b8000000,0x00000006e1fd6670,0x0000000767700000)
 Metaspace       used 199497K, capacity 223623K, committed 223968K, reserved 1230848K
  class space    used 35363K, capacity 43391K, committed 43488K, reserved 1048576K
Event: 192.831 GC heap after
Heap after GC invocations=38 (full 5):
 PSYoungGen      total 1227264K, used 48781K [0x0000000768000000, 0x00000007c0000000, 0x00000007c0000000)
  eden space 1040384K, 0% used [0x0000000768000000,0x0000000768000000,0x00000007a7800000)
  from space 186880K, 26% used [0x00000007a7800000,0x00000007aa7a3748,0x00000007b2e80000)
  to   space 178176K, 0% used [0x00000007b5200000,0x00000007b5200000,0x00000007c0000000)
 ParOldGen       total 2874368K, used 687969K [0x00000006b8000000, 0x0000000767700000, 0x0000000768000000)
  object space 2874368K, 23% used [0x00000006b8000000,0x00000006e1fd8670,0x0000000767700000)
 Metaspace       used 199497K, capacity 223623K, committed 223968K, reserved 1230848K
  class space    used 35363K, capacity 43391K, committed 43488K, reserved 1048576K
}
Event: 206.714 GC heap before
{Heap before GC invocations=39 (full 5):
 PSYoungGen      total 1227264K, used 1089165K [0x0000000768000000, 0x00000007c0000000, 0x00000007c0000000)
  eden space 1040384K, 100% used [0x0000000768000000,0x00000007a7800000,0x00000007a7800000)
  from space 186880K, 26% used [0x00000007a7800000,0x00000007aa7a3748,0x00000007b2e80000)
  to   space 178176K, 0% used [0x00000007b5200000,0x00000007b5200000,0x00000007c0000000)
 ParOldGen       total 2874368K, used 687969K [0x00000006b8000000, 0x0000000767700000, 0x0000000768000000)
  object space 2874368K, 23% used [0x00000006b8000000,0x00000006e1fd8670,0x0000000767700000)
 Metaspace       used 199501K, capacity 223687K, committed 223968K, reserved 1230848K
  class space    used 35363K, capacity 43391K, committed 43488K, reserved 1048576K
Event: 206.780 GC heap after
Heap after GC invocations=39 (full 5):
 PSYoungGen      total 1229824K, used 48829K [0x0000000768000000, 0x00000007be780000, 0x00000007c0000000)
  eden space 1076736K, 0% used [0x0000000768000000,0x0000000768000000,0x00000007a9b80000)
  from space 153088K, 31% used [0x00000007b5200000,0x00000007b81af738,0x00000007be780000)
  to   space 169984K, 0% used [0x00000007a9b80000,0x00000007a9b80000,0x00000007b4180000)
 ParOldGen       total 2874368K, used 687977K [0x00000006b8000000, 0x0000000767700000, 0x0000000768000000)
  object space 2874368K, 23% used [0x00000006b8000000,0x00000006e1fda670,0x0000000767700000)
 Metaspace       used 199501K, capacity 223687K, committed 223968K, reserved 1230848K
  class space    used 35363K, capacity 43391K, committed 43488K, reserved 1048576K
}
Event: 220.937 GC heap before
{Heap before GC invocations=40 (full 5):
 PSYoungGen      total 1229824K, used 1125565K [0x0000000768000000, 0x00000007be780000, 0x00000007c0000000)
  eden space 1076736K, 100% used [0x0000000768000000,0x00000007a9b80000,0x00000007a9b80000)
  from space 153088K, 31% used [0x00000007b5200000,0x00000007b81af738,0x00000007be780000)
  to   space 169984K, 0% used [0x00000007a9b80000,0x00000007a9b80000,0x00000007b4180000)
 ParOldGen       total 2874368K, used 687977K [0x00000006b8000000, 0x0000000767700000, 0x0000000768000000)
  object space 2874368K, 23% used [0x00000006b8000000,0x00000006e1fda670,0x0000000767700000)
 Metaspace       used 199509K, capacity 223687K, committed 223968K, reserved 1230848K
  class space    used 35363K, capacity 43391K, committed 43488K, reserved 1048576K
Event: 221.005 GC heap after
Heap after GC invocations=40 (full 5):
 PSYoungGen      total 1246720K, used 48845K [0x0000000768000000, 0x00000007c0000000, 0x00000007c0000000)
  eden space 1076736K, 0% used [0x0000000768000000,0x0000000768000000,0x00000007a9b80000)
  from space 169984K, 28% used [0x00000007a9b80000,0x00000007acb33748,0x00000007b4180000)
  to   space 161792K, 0% used [0x00000007b6200000,0x00000007b6200000,0x00000007c0000000)
 ParOldGen       total 2874368K, used 687977K [0x00000006b8000000, 0x0000000767700000, 0x0000000768000000)
  object space 2874368K, 23% used [0x00000006b8000000,0x00000006e1fda670,0x0000000767700000)
 Metaspace       used 199509K, capacity 223687K, committed 223968K, reserved 1230848K
  class space    used 35363K, capacity 43391K, committed 43488K, reserved 1048576K
}

